<?xml version="1.0" encoding="UTF-8"?>
<!-- Generated by org.testng.reporters.JUnitReportReporter -->
<testsuite skipped="0" hostname="RAMYA-PC" name="testCases.HomePageTest" tests="1" failures="0" timestamp="28 Jun 2019 16:13:16 GMT" time="40.632" errors="0">
  <testcase name="homePageTest" time="40.632" classname="testCases.HomePageTest"/>
</testsuite> <!-- testCases.HomePageTest -->
